<?xml version="1.0" encoding="UTF-8"?>
<coverage generated="1672585167082" clover="3.2.0">
  <project timestamp="1672585167082" name="All files">
    <metrics statements="58" coveredstatements="24" conditionals="16" coveredconditionals="4" methods="14" coveredmethods="10" elements="88" coveredelements="38" complexity="0" loc="58" ncloc="58" packages="2" files="2" classes="2"/>
    <package name="build.src.singly-linked-list">
      <metrics statements="30" coveredstatements="13" conditionals="9" coveredconditionals="2" methods="7" coveredmethods="5"/>
      <file name="index.js" path="/Users/alexander/WebDev/algorithms/algorithms-data-structures/build/src/singly-linked-list/index.js">
        <metrics statements="30" coveredstatements="13" conditionals="9" coveredconditionals="2" methods="7" coveredmethods="5"/>
        <line num="2" count="1" type="stmt"/>
        <line num="5" count="1" type="stmt"/>
        <line num="6" count="1" type="stmt"/>
        <line num="11" count="1" type="stmt"/>
        <line num="12" count="1" type="stmt"/>
        <line num="13" count="1" type="stmt"/>
        <line num="16" count="1" type="cond" truecount="1" falsecount="1"/>
        <line num="17" count="1" type="stmt"/>
        <line num="18" count="1" type="stmt"/>
        <line num="19" count="1" type="stmt"/>
        <line num="21" count="0" type="stmt"/>
        <line num="22" count="0" type="stmt"/>
        <line num="23" count="0" type="stmt"/>
        <line num="24" count="0" type="stmt"/>
        <line num="25" count="0" type="stmt"/>
        <line num="28" count="0" type="cond" truecount="0" falsecount="2"/>
        <line num="29" count="0" type="stmt"/>
        <line num="31" count="0" type="stmt"/>
        <line num="32" count="0" type="stmt"/>
        <line num="33" count="0" type="cond" truecount="0" falsecount="4"/>
        <line num="34" count="0" type="stmt"/>
        <line num="35" count="0" type="stmt"/>
        <line num="37" count="0" type="stmt"/>
        <line num="38" count="0" type="stmt"/>
        <line num="39" count="0" type="stmt"/>
        <line num="40" count="0" type="stmt"/>
        <line num="43" count="1" type="stmt"/>
        <line num="46" count="1" type="stmt"/>
        <line num="49" count="0" type="stmt"/>
        <line num="63" count="1" type="stmt"/>
      </file>
    </package>
    <package name="src.singly-linked-list">
      <metrics statements="28" coveredstatements="11" conditionals="7" coveredconditionals="2" methods="7" coveredmethods="5"/>
      <file name="index.ts" path="/Users/alexander/WebDev/algorithms/algorithms-data-structures/src/singly-linked-list/index.ts">
        <metrics statements="28" coveredstatements="11" conditionals="7" coveredconditionals="2" methods="7" coveredmethods="5"/>
        <line num="2" count="1" type="cond" truecount="1" falsecount="0"/>
        <line num="6" count="1" type="stmt"/>
        <line num="7" count="1" type="stmt"/>
        <line num="8" count="1" type="stmt"/>
        <line num="11" count="1" type="cond" truecount="1" falsecount="0"/>
        <line num="12" count="1" type="stmt"/>
        <line num="13" count="1" type="stmt"/>
        <line num="14" count="1" type="stmt"/>
        <line num="17" count="0" type="stmt"/>
        <line num="18" count="0" type="stmt"/>
        <line num="19" count="0" type="stmt"/>
        <line num="21" count="0" type="stmt"/>
        <line num="22" count="0" type="stmt"/>
        <line num="26" count="0" type="cond" truecount="0" falsecount="1"/>
        <line num="27" count="0" type="stmt"/>
        <line num="30" count="0" type="stmt"/>
        <line num="31" count="0" type="stmt"/>
        <line num="33" count="0" type="cond" truecount="0" falsecount="4"/>
        <line num="34" count="0" type="stmt"/>
        <line num="35" count="0" type="stmt"/>
        <line num="38" count="0" type="stmt"/>
        <line num="39" count="0" type="stmt"/>
        <line num="40" count="0" type="stmt"/>
        <line num="41" count="0" type="stmt"/>
        <line num="45" count="1" type="stmt"/>
        <line num="49" count="1" type="stmt"/>
        <line num="53" count="0" type="stmt"/>
        <line num="69" count="1" type="stmt"/>
      </file>
    </package>
  </project>
</coverage>
