{"/Users/alexander/WebDev/algorithms/algorithms-data-structures/build/src/singly-linked-list/index.js": {"path":"/Users/alexander/WebDev/algorithms/algorithms-data-structures/build/src/singly-linked-list/index.js","statementMap":{"0":{"start":{"line":2,"column":0},"end":{"line":2,"column":62}},"1":{"start":{"line":5,"column":8},"end":{"line":5,"column":25}},"2":{"start":{"line":6,"column":8},"end":{"line":6,"column":25}},"3":{"start":{"line":11,"column":8},"end":{"line":11,"column":25}},"4":{"start":{"line":12,"column":8},"end":{"line":12,"column":25}},"5":{"start":{"line":13,"column":8},"end":{"line":13,"column":24}},"6":{"start":{"line":16,"column":8},"end":{"line":20,"column":9}},"7":{"start":{"line":17,"column":12},"end":{"line":17,"column":51}},"8":{"start":{"line":18,"column":12},"end":{"line":18,"column":35}},"9":{"start":{"line":19,"column":12},"end":{"line":19,"column":24}},"10":{"start":{"line":21,"column":21},"end":{"line":21,"column":35}},"11":{"start":{"line":22,"column":8},"end":{"line":22,"column":30}},"12":{"start":{"line":23,"column":8},"end":{"line":23,"column":25}},"13":{"start":{"line":24,"column":8},"end":{"line":24,"column":31}},"14":{"start":{"line":25,"column":8},"end":{"line":25,"column":20}},"15":{"start":{"line":28,"column":8},"end":{"line":30,"column":9}},"16":{"start":{"line":29,"column":12},"end":{"line":29,"column":24}},"17":{"start":{"line":31,"column":19},"end":{"line":31,"column":33}},"18":{"start":{"line":32,"column":22},"end":{"line":32,"column":31}},"19":{"start":{"line":33,"column":8},"end":{"line":36,"column":9}},"20":{"start":{"line":34,"column":12},"end":{"line":34,"column":27}},"21":{"start":{"line":35,"column":12},"end":{"line":35,"column":29}},"22":{"start":{"line":37,"column":8},"end":{"line":37,"column":28}},"23":{"start":{"line":38,"column":8},"end":{"line":38,"column":28}},"24":{"start":{"line":39,"column":8},"end":{"line":39,"column":31}},"25":{"start":{"line":40,"column":8},"end":{"line":40,"column":20}},"26":{"start":{"line":43,"column":8},"end":{"line":43,"column":27}},"27":{"start":{"line":46,"column":8},"end":{"line":46,"column":22}},"28":{"start":{"line":49,"column":8},"end":{"line":49,"column":22}},"29":{"start":{"line":63,"column":0},"end":{"line":63,"column":35}}},"fnMap":{"0":{"name":"(anonymous_0)","decl":{"start":{"line":4,"column":4},"end":{"line":4,"column":5}},"loc":{"start":{"line":4,"column":35},"end":{"line":7,"column":5}},"line":4},"1":{"name":"(anonymous_1)","decl":{"start":{"line":10,"column":4},"end":{"line":10,"column":5}},"loc":{"start":{"line":10,"column":18},"end":{"line":14,"column":5}},"line":10},"2":{"name":"(anonymous_2)","decl":{"start":{"line":15,"column":4},"end":{"line":15,"column":5}},"loc":{"start":{"line":15,"column":15},"end":{"line":26,"column":5}},"line":15},"3":{"name":"(anonymous_3)","decl":{"start":{"line":27,"column":4},"end":{"line":27,"column":5}},"loc":{"start":{"line":27,"column":10},"end":{"line":41,"column":5}},"line":27},"4":{"name":"(anonymous_4)","decl":{"start":{"line":42,"column":4},"end":{"line":42,"column":5}},"loc":{"start":{"line":42,"column":16},"end":{"line":44,"column":5}},"line":42},"5":{"name":"(anonymous_5)","decl":{"start":{"line":45,"column":4},"end":{"line":45,"column":5}},"loc":{"start":{"line":45,"column":22},"end":{"line":47,"column":5}},"line":45},"6":{"name":"(anonymous_6)","decl":{"start":{"line":48,"column":4},"end":{"line":48,"column":5}},"loc":{"start":{"line":48,"column":22},"end":{"line":50,"column":5}},"line":48}},"branchMap":{"0":{"loc":{"start":{"line":4,"column":22},"end":{"line":4,"column":33}},"type":"default-arg","locations":[{"start":{"line":4,"column":29},"end":{"line":4,"column":33}}],"line":4},"1":{"loc":{"start":{"line":16,"column":8},"end":{"line":20,"column":9}},"type":"if","locations":[{"start":{"line":16,"column":8},"end":{"line":20,"column":9}},{"start":{},"end":{}}],"line":16},"2":{"loc":{"start":{"line":28,"column":8},"end":{"line":30,"column":9}},"type":"if","locations":[{"start":{"line":28,"column":8},"end":{"line":30,"column":9}},{"start":{},"end":{}}],"line":28},"3":{"loc":{"start":{"line":33,"column":15},"end":{"line":33,"column":68}},"type":"cond-expr","locations":[{"start":{"line":33,"column":50},"end":{"line":33,"column":56}},{"start":{"line":33,"column":59},"end":{"line":33,"column":68}}],"line":33},"4":{"loc":{"start":{"line":33,"column":15},"end":{"line":33,"column":47}},"type":"binary-expr","locations":[{"start":{"line":33,"column":15},"end":{"line":33,"column":28}},{"start":{"line":33,"column":32},"end":{"line":33,"column":47}}],"line":33}},"s":{"0":1,"1":1,"2":1,"3":1,"4":1,"5":1,"6":1,"7":1,"8":1,"9":1,"10":0,"11":0,"12":0,"13":0,"14":0,"15":0,"16":0,"17":0,"18":0,"19":0,"20":0,"21":0,"22":0,"23":0,"24":0,"25":0,"26":1,"27":1,"28":0,"29":1},"f":{"0":1,"1":1,"2":1,"3":0,"4":1,"5":1,"6":0},"b":{"0":[1],"1":[1,0],"2":[0,0],"3":[0,0],"4":[0,0]},"inputSourceMap":null,"_coverageSchema":"1a1c01bbd47fc00a2c39e90264f33305004495a9","hash":"d3066da609410294c0bdecb37a2b3728e3a8bbbe"}
,"/Users/alexander/WebDev/algorithms/algorithms-data-structures/src/singly-linked-list/index.ts": {"path":"/Users/alexander/WebDev/algorithms/algorithms-data-structures/src/singly-linked-list/index.ts","statementMap":{"0":{"start":{"line":2,"column":21},"end":{"line":2,"column":28}},"1":{"start":{"line":2,"column":37},"end":{"line":2,"column":60}},"2":{"start":{"line":6,"column":10},"end":{"line":6,"column":38}},"3":{"start":{"line":7,"column":10},"end":{"line":7,"column":38}},"4":{"start":{"line":8,"column":10},"end":{"line":8,"column":21}},"5":{"start":{"line":11,"column":4},"end":{"line":15,"column":null}},"6":{"start":{"line":12,"column":6},"end":{"line":12,"column":45}},"7":{"start":{"line":13,"column":6},"end":{"line":13,"column":29}},"8":{"start":{"line":14,"column":6},"end":{"line":14,"column":18}},"9":{"start":{"line":17,"column":17},"end":{"line":17,"column":31}},"10":{"start":{"line":18,"column":4},"end":{"line":18,"column":27}},"11":{"start":{"line":19,"column":4},"end":{"line":19,"column":21}},"12":{"start":{"line":21,"column":4},"end":{"line":21,"column":27}},"13":{"start":{"line":22,"column":4},"end":{"line":22,"column":16}},"14":{"start":{"line":26,"column":4},"end":{"line":28,"column":null}},"15":{"start":{"line":27,"column":6},"end":{"line":27,"column":18}},"16":{"start":{"line":30,"column":15},"end":{"line":30,"column":29}},"17":{"start":{"line":31,"column":18},"end":{"line":31,"column":27}},"18":{"start":{"line":33,"column":4},"end":{"line":36,"column":null}},"19":{"start":{"line":34,"column":6},"end":{"line":34,"column":21}},"20":{"start":{"line":35,"column":6},"end":{"line":35,"column":23}},"21":{"start":{"line":38,"column":4},"end":{"line":38,"column":24}},"22":{"start":{"line":39,"column":4},"end":{"line":39,"column":24}},"23":{"start":{"line":40,"column":4},"end":{"line":40,"column":27}},"24":{"start":{"line":41,"column":4},"end":{"line":41,"column":16}},"25":{"start":{"line":45,"column":4},"end":{"line":45,"column":23}},"26":{"start":{"line":49,"column":4},"end":{"line":49,"column":18}},"27":{"start":{"line":53,"column":4},"end":{"line":53,"column":18}},"28":{"start":{"line":69,"column":0},"end":{"line":69,"column":32}}},"fnMap":{"0":{"name":"(anonymous_0)","decl":{"start":{"line":2,"column":2},"end":{"line":2,"column":21}},"loc":{"start":{"line":2,"column":64},"end":{"line":2,"column":68}}},"1":{"name":"(anonymous_1)","decl":{"start":{"line":5,"column":0},"end":{"line":5,"column":6}},"loc":{"start":{"line":5,"column":0},"end":{"line":55,"column":1}}},"2":{"name":"(anonymous_2)","decl":{"start":{"line":10,"column":9},"end":{"line":10,"column":13}},"loc":{"start":{"line":10,"column":21},"end":{"line":23,"column":3}}},"3":{"name":"(anonymous_3)","decl":{"start":{"line":25,"column":9},"end":{"line":25,"column":12}},"loc":{"start":{"line":25,"column":12},"end":{"line":42,"column":3}}},"4":{"name":"(anonymous_4)","decl":{"start":{"line":44,"column":9},"end":{"line":44,"column":18}},"loc":{"start":{"line":44,"column":18},"end":{"line":46,"column":3}}},"5":{"name":"(anonymous_5)","decl":{"start":{"line":48,"column":10},"end":{"line":48,"column":25}},"loc":{"start":{"line":48,"column":25},"end":{"line":50,"column":3}}},"6":{"name":"(anonymous_6)","decl":{"start":{"line":52,"column":10},"end":{"line":52,"column":25}},"loc":{"start":{"line":52,"column":25},"end":{"line":54,"column":3}}}},"branchMap":{"0":{"loc":{"start":{"line":2,"column":37},"end":{"line":2,"column":64}},"type":"default-arg","locations":[{"start":{"line":2,"column":60},"end":{"line":2,"column":64}}]},"1":{"loc":{"start":{"line":11,"column":4},"end":{"line":15,"column":null}},"type":"if","locations":[{"start":{"line":11,"column":4},"end":{"line":15,"column":null}}]},"2":{"loc":{"start":{"line":26,"column":4},"end":{"line":28,"column":null}},"type":"if","locations":[{"start":{"line":26,"column":4},"end":{"line":28,"column":null}}]},"3":{"loc":{"start":{"line":33,"column":11},"end":{"line":33,"column":21}},"type":"cond-expr","locations":[{"start":{"line":33,"column":15},"end":{"line":33,"column":17}},{"start":{"line":33,"column":11},"end":{"line":33,"column":21}}]},"4":{"loc":{"start":{"line":33,"column":11},"end":{"line":33,"column":17}},"type":"binary-expr","locations":[{"start":{"line":33,"column":11},"end":{"line":33,"column":17}},{"start":{"line":33,"column":11},"end":{"line":33,"column":17}}]}},"s":{"0":1,"1":1,"2":1,"3":1,"4":1,"5":1,"6":1,"7":1,"8":1,"9":0,"10":0,"11":0,"12":0,"13":0,"14":0,"15":0,"16":0,"17":0,"18":0,"19":0,"20":0,"21":0,"22":0,"23":0,"24":0,"25":1,"26":1,"27":0,"28":1},"f":{"0":1,"1":1,"2":1,"3":0,"4":1,"5":1,"6":0},"b":{"0":[1],"1":[1],"2":[0],"3":[0,0],"4":[0,0]}}
}
